[    0.000000] Linux version 4.15.0-66-generic (buildd@lgw01-amd64-044) (gcc version 7.4.0 (Ubuntu 7.4.0-1ubuntu1~18.04.1)) #75-Ubuntu SMP Tue Oct 1 05:24:09 UTC 2019 (Ubuntu 4.15.0-66.75-generic 4.15.18)
[    0.000000] Command line: BOOT_IMAGE=/boot/vmlinuz-4.15.0-66-generic root=LABEL=cloudimg-rootfs ro console=tty1 console=ttyS0
[    0.000000] KERNEL supported cpus:
[    0.000000]   Intel GenuineIntel
[    0.000000]   AMD AuthenticAMD
[    0.000000]   Centaur CentaurHauls
[    0.000000] x86/fpu: Supporting XSAVE feature 0x001: 'x87 floating point registers'
[    0.000000] x86/fpu: Supporting XSAVE feature 0x002: 'SSE registers'
[    0.000000] x86/fpu: Supporting XSAVE feature 0x004: 'AVX registers'
[    0.000000] x86/fpu: xstate_offset[2]:  576, xstate_sizes[2]:  256
[    0.000000] x86/fpu: Enabled xstate features 0x7, context size is 832 bytes, using 'standard' format.
[    0.000000] e820: BIOS-provided physical RAM map:
[    0.000000] BIOS-e820: [mem 0x0000000000000000-0x000000000009fbff] usable
[    0.000000] BIOS-e820: [mem 0x000000000009fc00-0x000000000009ffff] reserved
[    0.000000] BIOS-e820: [mem 0x00000000000f0000-0x00000000000fffff] reserved
[    0.000000] BIOS-e820: [mem 0x0000000000100000-0x000000003ffeffff] usable
[    0.000000] BIOS-e820: [mem 0x000000003fff0000-0x000000003fffffff] ACPI data
[    0.000000] BIOS-e820: [mem 0x00000000fec00000-0x00000000fec00fff] reserved
[    0.000000] BIOS-e820: [mem 0x00000000fee00000-0x00000000fee00fff] reserved
[    0.000000] BIOS-e820: [mem 0x00000000fffc0000-0x00000000ffffffff] reserved
[    0.000000] NX (Execute Disable) protection: active
[    0.000000] SMBIOS 2.5 present.
[    0.000000] DMI: innotek GmbH VirtualBox/VirtualBox, BIOS VirtualBox 12/01/2006
[    0.000000] Hypervisor detected: KVM
[    0.000000] e820: last_pfn = 0x3fff0 max_arch_pfn = 0x400000000
[    0.000000] MTRR: Disabled
[    0.000000] x86/PAT: MTRRs disabled, skipping PAT initialization too.
[    0.000000] CPU MTRRs all blank - virtualized system.
[    0.000000] x86/PAT: Configuration [0-7]: WB  WT  UC- UC  WB  WT  UC- UC  
[    0.000000] found SMP MP-table at [mem 0x0009fff0-0x0009ffff]
[    0.000000] Scanning 1 areas for low memory corruption
[    0.000000] RAMDISK: [mem 0x35a8b000-0x36d3cfff]
[    0.000000] ACPI: Early table checksum verification disabled
[    0.000000] ACPI: RSDP 0x00000000000E0000 000024 (v02 VBOX  )
[    0.000000] ACPI: XSDT 0x000000003FFF0030 00003C (v01 VBOX   VBOXXSDT 00000001 ASL  00000061)
[    0.000000] ACPI: FACP 0x000000003FFF00F0 0000F4 (v04 VBOX   VBOXFACP 00000001 ASL  00000061)
[    0.000000] ACPI: DSDT 0x000000003FFF0470 0022EA (v02 VBOX   VBOXBIOS 00000002 INTL 20100528)
[    0.000000] ACPI: FACS 0x000000003FFF0200 000040
[    0.000000] ACPI: FACS 0x000000003FFF0200 000040
[    0.000000] ACPI: APIC 0x000000003FFF0240 00005C (v02 VBOX   VBOXAPIC 00000001 ASL  00000061)
[    0.000000] ACPI: SSDT 0x000000003FFF02A0 0001CC (v01 VBOX   VBOXCPUT 00000002 INTL 20100528)
[    0.000000] No NUMA configuration found
[    0.000000] Faking a node at [mem 0x0000000000000000-0x000000003ffeffff]
[    0.000000] NODE_DATA(0) allocated [mem 0x3ffc5000-0x3ffeffff]
[    0.000000] kvm-clock: cpu 0, msr 0:3ff44001, primary cpu clock
[    0.000000] kvm-clock: Using msrs 4b564d01 and 4b564d00
[    0.000000] kvm-clock: using sched offset of 3673442330 cycles
[    0.000000] clocksource: kvm-clock: mask: 0xffffffffffffffff max_cycles: 0x1cd42e4dffb, max_idle_ns: 881590591483 ns
[    0.000000] Zone ranges:
[    0.000000]   DMA      [mem 0x0000000000001000-0x0000000000ffffff]
[    0.000000]   DMA32    [mem 0x0000000001000000-0x000000003ffeffff]
[    0.000000]   Normal   empty
[    0.000000]   Device   empty
[    0.000000] Movable zone start for each node
[    0.000000] Early memory node ranges
[    0.000000]   node   0: [mem 0x0000000000001000-0x000000000009efff]
[    0.000000]   node   0: [mem 0x0000000000100000-0x000000003ffeffff]
[    0.000000] Reserved but unavailable: 98 pages
[    0.000000] Initmem setup node 0 [mem 0x0000000000001000-0x000000003ffeffff]
[    0.000000] ACPI: PM-Timer IO Port: 0x4008
[    0.000000] IOAPIC[0]: apic_id 2, version 32, address 0xfec00000, GSI 0-23
[    0.000000] ACPI: INT_SRC_OVR (bus 0 bus_irq 0 global_irq 2 dfl dfl)
[    0.000000] ACPI: INT_SRC_OVR (bus 0 bus_irq 9 global_irq 9 low level)
[    0.000000] Using ACPI (MADT) for SMP configuration information
[    0.000000] smpboot: Allowing 2 CPUs, 0 hotplug CPUs
[    0.000000] PM: Registered nosave memory: [mem 0x00000000-0x00000fff]
[    0.000000] PM: Registered nosave memory: [mem 0x0009f000-0x0009ffff]
[    0.000000] PM: Registered nosave memory: [mem 0x000a0000-0x000effff]
[    0.000000] PM: Registered nosave memory: [mem 0x000f0000-0x000fffff]
[    0.000000] e820: [mem 0x40000000-0xfebfffff] available for PCI devices
[    0.000000] Booting paravirtualized kernel on KVM
[    0.000000] clocksource: refined-jiffies: mask: 0xffffffff max_cycles: 0xffffffff, max_idle_ns: 7645519600211568 ns
[    0.000000] random: get_random_bytes called from start_kernel+0x99/0x4fd with crng_init=0
[    0.000000] setup_percpu: NR_CPUS:8192 nr_cpumask_bits:2 nr_cpu_ids:2 nr_node_ids:1
[    0.000000] percpu: Embedded 46 pages/cpu s151552 r8192 d28672 u1048576
[    0.000000] PV qspinlock hash table entries: 256 (order: 0, 4096 bytes)
[    0.000000] Built 1 zonelists, mobility grouping on.  Total pages: 257913
[    0.000000] Policy zone: DMA32
[    0.000000] Kernel command line: BOOT_IMAGE=/boot/vmlinuz-4.15.0-66-generic root=LABEL=cloudimg-rootfs ro console=tty1 console=ttyS0
[    0.000000] Memory: 983436K/1048120K available (12300K kernel code, 2481K rwdata, 4260K rodata, 2436K init, 2388K bss, 64684K reserved, 0K cma-reserved)
[    0.000000] SLUB: HWalign=64, Order=0-3, MinObjects=0, CPUs=2, Nodes=1
[    0.000000] Kernel/User page tables isolation: enabled
[    0.000000] ftrace: allocating 39306 entries in 154 pages
[    0.004000] Hierarchical RCU implementation.
[    0.004000] 	RCU restricting CPUs from NR_CPUS=8192 to nr_cpu_ids=2.
[    0.004000] 	Tasks RCU enabled.
[    0.004000] RCU: Adjusting geometry for rcu_fanout_leaf=16, nr_cpu_ids=2
[    0.004000] NR_IRQS: 524544, nr_irqs: 440, preallocated irqs: 16
[    0.004000] Console: colour VGA+ 80x25
[    0.004000] console [tty1] enabled
[    0.004000] console [ttyS0] enabled
[    0.004000] ACPI: Core revision 20170831
[    0.004000] ACPI: 2 ACPI AML tables successfully acquired and loaded
[    0.004000] APIC: Switch to symmetric I/O mode setup
[    0.004000] x2apic enabled
[    0.004000] Switched APIC routing to physical x2apic.
[    0.004000] ..TIMER: vector=0x30 apic1=0 pin1=2 apic2=-1 pin2=-1
[    0.004004] tsc: Detected 1991.998 MHz processor
[    0.004947] Calibrating delay loop (skipped) preset value.. 3983.99 BogoMIPS (lpj=7967992)
[    0.008002] pid_max: default: 32768 minimum: 301
[    0.009003] Security Framework initialized
[    0.009882] Yama: becoming mindful.
[    0.012020] AppArmor: AppArmor initialized
[    0.015521] Dentry cache hash table entries: 131072 (order: 8, 1048576 bytes)
[    0.016058] Inode-cache hash table entries: 65536 (order: 7, 524288 bytes)
[    0.018341] Mount-cache hash table entries: 2048 (order: 2, 16384 bytes)
[    0.020008] Mountpoint-cache hash table entries: 2048 (order: 2, 16384 bytes)
[    0.021607] Last level iTLB entries: 4KB 64, 2MB 8, 4MB 8
[    0.022718] Last level dTLB entries: 4KB 64, 2MB 0, 4MB 0, 1GB 4
[    0.024002] Spectre V1 : Mitigation: usercopy/swapgs barriers and __user pointer sanitization
[    0.025708] Spectre V2 : Mitigation: Full generic retpoline
[    0.026837] Spectre V2 : Spectre v2 / SpectreRSB mitigation: Filling RSB on context switch
[    0.028002] Speculative Store Bypass: Vulnerable
[    0.029050] MDS: Mitigation: Clear CPU buffers
[    0.030159] Freeing SMP alternatives memory: 36K
[    0.142454] smpboot: CPU0: Intel(R) Core(TM) i7-8550U CPU @ 1.80GHz (family: 0x6, model: 0x8e, stepping: 0xa)
[    0.144000] Performance Events: unsupported p6 CPU model 142 no PMU driver, software events only.
[    0.144000] Hierarchical SRCU implementation.
[    0.144480] NMI watchdog: Perf event create on CPU 0 failed with -2
[    0.145662] NMI watchdog: Perf NMI watchdog permanently disabled
[    0.146936] smp: Bringing up secondary CPUs ...
[    0.148072] x86: Booting SMP configuration:
[    0.148914] .... node  #0, CPUs:      #1
[    0.004000] kvm-clock: cpu 1, msr 0:3ff44041, secondary cpu clock
[    0.152018] smp: Brought up 1 node, 2 CPUs
[    0.152773] smpboot: Max logical packages: 1
[    0.153524] smpboot: Total of 2 processors activated (7967.99 BogoMIPS)
[    0.156107] devtmpfs: initialized
[    0.156826] x86/mm: Memory block size: 128MB
[    0.157859] evm: security.selinux
[    0.158564] evm: security.SMACK64
[    0.159246] evm: security.SMACK64EXEC
[    0.160002] evm: security.SMACK64TRANSMUTE
[    0.160844] evm: security.SMACK64MMAP
[    0.161659] evm: security.apparmor
[    0.162387] evm: security.ima
[    0.162954] evm: security.capability
[    0.164124] clocksource: jiffies: mask: 0xffffffff max_cycles: 0xffffffff, max_idle_ns: 7645041785100000 ns
[    0.166158] futex hash table entries: 512 (order: 3, 32768 bytes)
[    0.168050] pinctrl core: initialized pinctrl subsystem
[    0.172087] RTC time: 19:36:32, date: 11/13/19
[    0.173107] NET: Registered protocol family 16
[    0.174094] audit: initializing netlink subsys (disabled)
[    0.175151] audit: type=2000 audit(1573673796.762:1): state=initialized audit_enabled=0 res=1
[    0.176009] cpuidle: using governor ladder
[    0.176928] cpuidle: using governor menu
[    0.177771] ACPI: bus type PCI registered
[    0.178501] acpiphp: ACPI Hot Plug PCI Controller Driver version: 0.5
[    0.180087] PCI: Using configuration type 1 for base access
[    0.181379] HugeTLB registered 2.00 MiB page size, pre-allocated 0 pages
[    0.184105] ACPI: Added _OSI(Module Device)
[    0.184913] ACPI: Added _OSI(Processor Device)
[    0.185718] ACPI: Added _OSI(3.0 _SCP Extensions)
[    0.188002] ACPI: Added _OSI(Processor Aggregator Device)
[    0.189040] ACPI: Added _OSI(Linux-Dell-Video)
[    0.189953] ACPI: Added _OSI(Linux-Lenovo-NV-HDMI-Audio)
[    0.191041] ACPI: Added _OSI(Linux-HPI-Hybrid-Graphics)
[    0.192286] ACPI: Executed 1 blocks of module-level executable AML code
[    0.197462] ACPI: Interpreter enabled
[    0.198353] ACPI: (supports S0 S5)
[    0.199084] ACPI: Using IOAPIC for interrupt routing
[    0.200000] PCI: Using host bridge windows from ACPI; if necessary, use "pci=nocrs" and report a bug
[    0.200156] ACPI: Enabled 2 GPEs in block 00 to 07
[    0.209685] ACPI: PCI Root Bridge [PCI0] (domain 0000 [bus 00-ff])
[    0.210958] acpi PNP0A03:00: _OSC: OS supports [ASPM ClockPM Segments MSI]
[    0.212000] acpi PNP0A03:00: _OSC: not requesting OS control; OS requires [ExtendedConfig ASPM ClockPM MSI]
[    0.212010] acpi PNP0A03:00: fail to add MMCONFIG information, can't access extended PCI configuration space under this bridge.
[    0.216327] PCI host bridge to bus 0000:00
[    0.217186] pci_bus 0000:00: root bus resource [io  0x0000-0x0cf7 window]
[    0.218436] pci_bus 0000:00: root bus resource [io  0x0d00-0xffff window]
[    0.220002] pci_bus 0000:00: root bus resource [mem 0x000a0000-0x000bffff window]
[    0.221540] pci_bus 0000:00: root bus resource [mem 0x40000000-0xfdffffff window]
[    0.223006] pci_bus 0000:00: root bus resource [bus 00-ff]
[    0.225882] pci 0000:00:01.1: legacy IDE quirk: reg 0x10: [io  0x01f0-0x01f7]
[    0.227104] pci 0000:00:01.1: legacy IDE quirk: reg 0x14: [io  0x03f6]
[    0.228002] pci 0000:00:01.1: legacy IDE quirk: reg 0x18: [io  0x0170-0x0177]
[    0.229425] pci 0000:00:01.1: legacy IDE quirk: reg 0x1c: [io  0x0376]
[    0.245116] pci 0000:00:07.0: quirk: [io  0x4000-0x403f] claimed by PIIX4 ACPI
[    0.246636] pci 0000:00:07.0: quirk: [io  0x4100-0x410f] claimed by PIIX4 SMB
[    0.256993] ACPI: PCI Interrupt Link [LNKA] (IRQs 5 9 10 *11)
[    0.258457] ACPI: PCI Interrupt Link [LNKB] (IRQs 5 9 *10 11)
[    0.259636] ACPI: PCI Interrupt Link [LNKC] (IRQs 5 *9 10 11)
[    0.260113] ACPI: PCI Interrupt Link [LNKD] (IRQs 5 9 10 *11)
[    0.261613] SCSI subsystem initialized
[    0.262364] pci 0000:00:02.0: vgaarb: setting as boot VGA device
[    0.262364] pci 0000:00:02.0: vgaarb: VGA device added: decodes=io+mem,owns=io+mem,locks=none
[    0.264009] pci 0000:00:02.0: vgaarb: bridge control possible
[    0.265157] vgaarb: loaded
[    0.265718] ACPI: bus type USB registered
[    0.268020] usbcore: registered new interface driver usbfs
[    0.269117] usbcore: registered new interface driver hub
[    0.270261] usbcore: registered new device driver usb
[    0.272044] EDAC MC: Ver: 3.0.0
[    0.272954] PCI: Using ACPI for IRQ routing
[    0.273202] NetLabel: Initializing
[    0.273919] NetLabel:  domain hash size = 128
[    0.276002] NetLabel:  protocols = UNLABELED CIPSOv4 CALIPSO
[    0.277095] NetLabel:  unlabeled traffic allowed by default
[    0.278210] clocksource: Switched to clocksource kvm-clock
[    0.292586] VFS: Disk quotas dquot_6.6.0
[    0.293401] VFS: Dquot-cache hash table entries: 512 (order 0, 4096 bytes)
[    0.294946] AppArmor: AppArmor Filesystem Enabled
[    0.296090] pnp: PnP ACPI init
[    0.297796] pnp: PnP ACPI: found 3 devices
[    0.309016] clocksource: acpi_pm: mask: 0xffffff max_cycles: 0xffffff, max_idle_ns: 2085701024 ns
[    0.310694] NET: Registered protocol family 2
[    0.311758] TCP established hash table entries: 8192 (order: 4, 65536 bytes)
[    0.313226] TCP bind hash table entries: 8192 (order: 5, 131072 bytes)
[    0.316923] TCP: Hash tables configured (established 8192 bind 8192)
[    0.318124] UDP hash table entries: 512 (order: 2, 16384 bytes)
[    0.319281] UDP-Lite hash table entries: 512 (order: 2, 16384 bytes)
[    0.320568] NET: Registered protocol family 1
[    0.321473] pci 0000:00:00.0: Limiting direct PCI/PCI transfers
[    0.322597] pci 0000:00:01.0: Activating ISA DMA hang workarounds
[    0.323738] pci 0000:00:02.0: Video device with shadowed ROM at [mem 0x000c0000-0x000dffff]
[    0.325638] Unpacking initramfs...
[    0.604487] Freeing initrd memory: 19144K
[    0.606059] clocksource: tsc: mask: 0xffffffffffffffff max_cycles: 0x396d4e5fc9d, max_idle_ns: 881590756024 ns
[    0.608568] platform rtc_cmos: registered platform RTC device (no PNP device found)
[    0.610159] Scanning for low memory corruption every 60 seconds
[    0.612201] Initialise system trusted keyrings
[    0.613180] Key type blacklist registered
[    0.614128] workingset: timestamp_bits=36 max_order=18 bucket_order=0
[    0.616797] zbud: loaded
[    0.618079] squashfs: version 4.0 (2009/01/31) Phillip Lougher
[    0.619423] fuse init (API version 7.26)
[    0.623235] Key type asymmetric registered
[    0.623978] Asymmetric key parser 'x509' registered
[    0.624993] Block layer SCSI generic (bsg) driver version 0.4 loaded (major 246)
[    0.626378] io scheduler noop registered
[    0.627125] io scheduler deadline registered
[    0.627917] io scheduler cfq registered (default)
[    0.629127] ACPI: AC Adapter [AC] (off-line)
[    0.629946] input: Power Button as /devices/LNXSYSTM:00/LNXPWRBN:00/input/input0
[    0.631284] ACPI: Power Button [PWRF]
[    0.632020] input: Sleep Button as /devices/LNXSYSTM:00/LNXSLPBN:00/input/input1
[    0.633404] ACPI: Sleep Button [SLPF]
[    0.635091] ACPI: Battery Slot [BAT0] (battery present)
[    0.636120] Serial: 8250/16550 driver, 32 ports, IRQ sharing enabled
[    0.657872] 00:02: ttyS0 at I/O 0x3f8 (irq = 4, base_baud = 115200) is a 16550A
[    0.664260] Linux agpgart interface v0.103
[    0.666295] loop: module loaded
[    0.667342] scsi host0: ata_piix
[    0.668083] scsi host1: ata_piix
[    0.668671] ata1: PATA max UDMA/33 cmd 0x1f0 ctl 0x3f6 bmdma 0xd000 irq 14
[    0.669782] ata2: PATA max UDMA/33 cmd 0x170 ctl 0x376 bmdma 0xd008 irq 15
[    0.671278] libphy: Fixed MDIO Bus: probed
[    0.672078] tun: Universal TUN/TAP device driver, 1.6
[    0.673132] PPP generic driver version 2.4.2
[    0.674017] ehci_hcd: USB 2.0 'Enhanced' Host Controller (EHCI) Driver
[    0.675104] ehci-pci: EHCI PCI platform driver
[    0.675877] ehci-platform: EHCI generic platform driver
[    0.676823] ohci_hcd: USB 1.1 'Open' Host Controller (OHCI) Driver
[    0.677935] ohci-pci: OHCI PCI platform driver
[    0.678718] ohci-platform: OHCI generic platform driver
[    0.679729] uhci_hcd: USB Universal Host Controller Interface driver
[    0.680893] i8042: PNP: PS/2 Controller [PNP0303:PS2K,PNP0f03:PS2M] at 0x60,0x64 irq 1,12
[    0.682733] serio: i8042 KBD port at 0x60,0x64 irq 1
[    0.683555] serio: i8042 AUX port at 0x60,0x64 irq 12
[    0.684707] mousedev: PS/2 mouse device common for all mice
[    0.686169] input: AT Translated Set 2 keyboard as /devices/platform/i8042/serio0/input/input2
[    0.687794] rtc_cmos rtc_cmos: rtc core: registered rtc_cmos as rtc0
[    0.688958] rtc_cmos rtc_cmos: alarms up to one day, 114 bytes nvram
[    0.689997] i2c /dev entries driver
[    0.690678] device-mapper: uevent: version 1.0.3
[    0.691580] device-mapper: ioctl: 4.37.0-ioctl (2017-09-20) initialised: dm-devel@redhat.com
[    0.693149] ledtrig-cpu: registered to indicate activity on CPUs
[    0.694565] NET: Registered protocol family 10
[    0.698260] Segment Routing with IPv6
[    0.698954] NET: Registered protocol family 17
[    0.699778] Key type dns_resolver registered
[    0.700779] mce: Using 0 MCE banks
[    0.701423] RAS: Correctable Errors collector initialized.
[    0.702338] sched_clock: Marking stable (700752883, 0)->(880309329, -179556446)
[    0.703933] registered taskstats version 1
[    0.704727] Loading compiled-in X.509 certificates
[    0.707280] Loaded X.509 cert 'Build time autogenerated kernel key: 01a66adcc10ca4ce7676a3458c33483b0e2b806e'
[    0.708927] zswap: loaded using pool lzo/zbud
[    0.712482] Key type big_key registered
[    0.713172] Key type trusted registered
[    0.715107] Key type encrypted registered
[    0.715774] AppArmor: AppArmor sha1 policy hashing enabled
[    0.716801] ima: No TPM chip found, activating TPM-bypass! (rc=-19)
[    0.717911] ima: Allocated hash algorithm: sha1
[    0.718656] evm: HMAC attrs: 0x1
[    0.719511]   Magic number: 11:604:647
[    0.720191] scsi_host host1: hash matches
[    0.720974] scsi host1: hash matches
[    0.721688] acpi LNXCPU:00: hash matches
[    0.722430] rtc_cmos rtc_cmos: setting system clock to 2019-11-13 19:36:32 UTC (1573673792)
[    0.723981] BIOS EDD facility v0.16 2004-Jun-25, 0 devices found
[    0.725052] EDD information not available.
[    0.830370] Freeing unused kernel image memory: 2436K
[    1.090072] Write protecting the kernel read-only data: 20480k
[    1.092027] Freeing unused kernel image memory: 2008K
[    1.093371] Freeing unused kernel image memory: 1884K
[    1.101953] x86/mm: Checked W+X mappings: passed, no W+X pages found.
[    1.103213] x86/mm: Checking user space page tables
[    1.111380] x86/mm: Checked W+X mappings: passed, no W+X pages found.
Loading, please wait...
starting version 237
[    1.175207] e1000: Intel(R) PRO/1000 Network Driver - version 7.3.21-k8-NAPI
[    1.176803] e1000: Copyright (c) 1999-2006 Intel Corporation.
[    1.181978] Fusion MPT base driver 3.04.20
[    1.182932] Copyright (c) 1999-2008 LSI Corporation
[    1.199577] AVX2 version of gcm_enc/dec engaged.
[    1.200625] AES CTR mode by8 optimization enabled
[    1.217355] Fusion MPT SPI Host driver 3.04.20
[    1.385718] input: ImExPS/2 Generic Explorer Mouse as /devices/platform/i8042/serio1/input/input4
[    1.581957] e1000 0000:00:03.0 eth0: (PCI:33MHz:32-bit) 02:7c:06:17:a1:8b
[    1.583350] e1000 0000:00:03.0 eth0: Intel(R) PRO/1000 Network Connection
[    1.585823] mptbase: ioc0: Initiating bringup
[    1.700244] ioc0: LSI53C1030 A0: Capabilities={Initiator}
[    1.944313] scsi host2: ioc0: LSI53C1030 A0, FwRev=00000000h, Ports=1, MaxQ=256, IRQ=20
[    2.113240] scsi 2:0:0:0: Direct-Access     VBOX     HARDDISK         1.0  PQ: 0 ANSI: 5
[    2.153862] scsi target2:0:0: Beginning Domain Validation
[    2.157959] scsi target2:0:0: Domain Validation skipping write tests
[    2.159615] scsi target2:0:0: Ending Domain Validation
[    2.161466] scsi target2:0:0: asynchronous
[    2.163153] scsi 2:0:1:0: Direct-Access     VBOX     HARDDISK         1.0  PQ: 0 ANSI: 5
[    2.481913] scsi target2:0:1: Beginning Domain Validation
[    2.485301] random: fast init done
[    2.486392] scsi target2:0:1: Domain Validation skipping write tests
[    2.487574] scsi target2:0:1: Ending Domain Validation
[    2.488732] scsi target2:0:1: asynchronous
[    2.495360] random: systemd-udevd: uninitialized urandom read (16 bytes read)
[    2.496725] random: systemd-udevd: uninitialized urandom read (16 bytes read)
[    2.498081] random: systemd-udevd: uninitialized urandom read (16 bytes read)
[    2.499532] sd 2:0:0:0: Attached scsi generic sg0 type 0
[    2.501103] sd 2:0:0:0: [sda] 20971520 512-byte logical blocks: (10.7 GB/10.0 GiB)
[    2.501187] sd 2:0:1:0: Attached scsi generic sg1 type 0
[    2.503805] sd 2:0:0:0: [sda] Write Protect is off
[    2.508219] sd 2:0:1:0: [sdb] 20480 512-byte logical blocks: (10.5 MB/10.0 MiB)
[    2.509979] sd 2:0:0:0: [sda] Incomplete mode parameter data
[    2.511906] sd 2:0:0:0: [sda] Assuming drive cache: write through
[    2.513204] sd 2:0:1:0: [sdb] Write Protect is off
[    2.514516] sd 2:0:1:0: [sdb] Incomplete mode parameter data
[    2.516800] sd 2:0:1:0: [sdb] Assuming drive cache: write through
[    2.519032] e1000 0000:00:08.0 eth1: (PCI:33MHz:32-bit) 08:00:27:6b:74:f8
[    2.520531] e1000 0000:00:08.0 eth1: Intel(R) PRO/1000 Network Connection
[    2.521620]  sda: sda1
[    2.523554] e1000 0000:00:03.0 enp0s3: renamed from eth0
[    2.525798] sd 2:0:1:0: [sdb] Attached SCSI disk
[    2.526921] sd 2:0:0:0: [sda] Attached SCSI disk
[    2.541069] e1000 0000:00:08.0 enp0s8: renamed from eth1
Begin: Loading essential drivers ... [    4.092822] raid6: sse2x1   gen() 13641 MB/s
[    4.140622] raid6: sse2x1   xor()  9650 MB/s
[    4.188465] raid6: sse2x2   gen() 15984 MB/s
[    4.236284] raid6: sse2x2   xor() 11011 MB/s
[    4.284122] raid6: sse2x4   gen() 18935 MB/s
[    4.332010] raid6: sse2x4   xor()  7290 MB/s
[    4.388635] raid6: avx2x1   gen() 20619 MB/s
[    4.436423] raid6: avx2x1   xor() 18730 MB/s
[    4.484208] raid6: avx2x2   gen() 32366 MB/s
[    4.532019] raid6: avx2x2   xor() 19791 MB/s
[    4.580825] raid6: avx2x4   gen() 34532 MB/s
[    4.628192] raid6: avx2x4   xor() 20974 MB/s
[    4.629173] raid6: using algorithm avx2x4 gen() 34532 MB/s
[    4.630208] raid6: .... xor() 20974 MB/s, rmw enabled
[    4.631322] raid6: using avx2x2 recovery algorithm
[    4.633371] xor: automatically using best checksumming function   avx       
[    4.635733] async_tx: api initialized (async)
done.
Begin: Running /scripts/init-premount ... done.
Begin: Mounting root file system ... Begin: Running /scripts/local-top ... done.
Begin: Running /scripts/local-premount ... [    4.673925] Btrfs loaded, crc32c=crc32c-intel
Scanning for Btrfs filesystems
done.
Warning: fsck not present, so skipping root file system
[    4.713827] EXT4-fs (sda1): mounted filesystem with ordered data mode. Opts: (null)
done.
Begin: Running /scripts/local-bottom ... done.
Begin: Running /scripts/init-bottom ... done.
[    4.878364] ip_tables: (C) 2000-2006 Netfilter Core Team
[    4.886648] systemd[1]: systemd 237 running in system mode. (+PAM +AUDIT +SELINUX +IMA +APPARMOR +SMACK +SYSVINIT +UTMP +LIBCRYPTSETUP +GCRYPT +GNUTLS +ACL +XZ +LZ4 +SECCOMP +BLKID +ELFUTILS +KMOD -IDN2 +IDN -PCRE2 default-hierarchy=hybrid)
[    4.891093] systemd[1]: Detected virtualization oracle.
[    4.892185] systemd[1]: Detected architecture x86-64.

Welcome to [1mUbuntu 18.04.3 LTS[0m!

[    4.908852] systemd[1]: Set hostname to <ubuntu>.
[    4.912745] systemd[1]: Initializing machine ID from random generator.
[    4.914047] systemd[1]: Installed transient /etc/machine-id file.
[    5.187363] systemd[1]: Set up automount Arbitrary Executable File Formats File System Automount Point.
[[0;32m  OK  [0m] Set up automount Arbitrary Executab…rmats File System Automount Point.
[    5.200123] systemd[1]: Reached target System Time Synchronized.
[[0;32m  OK  [0m] Reached target System Time Synchronized.
[    5.212755] systemd[1]: Reached target User and Group Name Lookups.
[[0;32m  OK  [0m] Reached target User and Group Name Lookups.
[    5.214778] systemd[1]: Reached target Swap.
[[0;32m  OK  [0m] Reached target Swap.
[[0;32m  OK  [0m] Created slice System Slice.
[[0;32m  OK  [0m] Listening on LVM2 metadata daemon socket.
[[0;32m  OK  [0m] Listening on Journal Socket.
         Starting Set the console keyboard layout...
         Starting Remount Root and Kernel File Systems...
         Starting Load Kernel Modules...
         Mounting POSIX Message Queue File System...
[[0;32m  OK  [0m] Listening on Journal Audit Socket.
         Mounting Huge Pages File System...
[[0;32m  OK  [0m] Listening on LVM2 poll daemon socket.
[[0;32m  OK  [0m] Listening on /dev/initctl Compatibility Named Pipe.
[[0;32m  OK  [0m] Listening on Syslog Socket.
[[0;32m  OK  [0m] Listening on udev Control Socket.
[    5.269039] Loading iSCSI transport class v2.0-870.
[[0;32m  OK  [0m] Created slice User and Session Slice.
[[0;32m  OK  [0m] Reached target Slices.
         Starting Uncomplicated firewall...
[    5.275524] iscsi: registered transport (tcp)
         Starting Create list of required st…ce nodes for the current kernel...
[    5.290934] iscsi: registered transport (iser)
[[0;32m  OK  [0m] Created slice system-serial\x2dgetty.slice.
[[0;32m  OK  [0m] Listening on Device-mapper event daemon FIFOs.
[    5.310730] EXT4-fs (sda1): re-mounted. Opts: (null)
         Starting Monitoring of LVM2 mirrors…ng dmeventd or progress polling...
[[0;32m  OK  [0m] Listening on udev Kernel Socket.
         Starting udev Coldplug all Devices...
[[0;32m  OK  [0m] Listening on Network Service Netlink Socket.
[[0;32m  OK  [0m] Started Forward Password Requests to Wall Directory Watch.
[[0;32m  OK  [0m] Listening on Journal Socket (/dev/log).
         Starting Journal Service...
         Mounting Kernel Debug File System...
[[0;32m  OK  [0m] Started Remount Root and Kernel File Systems.
[[0;32m  OK  [0m] Started Load Kernel Modules.
[[0;32m  OK  [0m] Mounted POSIX Message Queue File System.
[[0;32m  OK  [0m] Mounted Huge Pages File System.
[[0;32m  OK  [0m] Started Uncomplicated firewall.
[[0;32m  OK  [0m] Started Create list of required sta…vice nodes for the current kernel.
[[0;32m  OK  [0m] Mounted Kernel Debug File System.
[[0;32m  OK  [0m] Started Journal Service.
[[0;32m  OK  [0m] Started LVM2 metadata daemon.
         Starting Create Static Device Nodes in /dev...
         Starting Apply Kernel Variables...
         Mounting Kernel Configuration File System...
         Mounting FUSE Control File System...
         Starting Load/Save Random Seed...
         Starting Flush Journal to Persistent Storage...
[[0;32m  OK  [0m] Started Monitoring of LVM2 mirrors,…sing dmeventd or progress polling.
[[0;32m  OK  [0m] Started udev Coldplug all Devices.
[[0;32m  OK  [0m] Started Create Static Device Nodes in /dev.
[[0;32m  OK  [0m] Started Apply Kernel Variables.
[[0;32m  OK  [0m] Mounted Kernel Configuration File System.
[[0;32m  OK  [0m] Mounted FUSE Control File System.
[[0;32m  OK  [0m] Started Load/Save Random Seed.
         Starting udev Kernel Device Manager...
[[0;32m  OK  [0m] Started udev Kernel Device Manager.
[[0;32m  OK  [0m] Started Flush Journal to Persistent Storage.
[[0;32m  OK  [0m] Found device /dev/ttyS0.
[[0;32m  OK  [0m] Listening on Load/Save RF Kill Switch Status /dev/rfkill Watch.
[[0;32m  OK  [0m] Started Set the console keyboard layout.
[[0;32m  OK  [0m] Started Dispatch Password Requests to Console Directory Watch.
[[0;32m  OK  [0m] Reached target Local Encrypted Volumes.
[[0;32m  OK  [0m] Reached target Local File Systems (Pre).
[[0;32m  OK  [0m] Reached target Local File Systems.
         Starting AppArmor initialization...
         Starting Tell Plymouth To Write Out Runtime Data...
         Starting Commit a transient machine-id on disk...
         Starting Set console font and keymap...
         Starting Create Volatile Files and Directories...
         Starting ebtables ruleset management...
[[0;32m  OK  [0m] Started Tell Plymouth To Write Out Runtime Data.
[[0;32m  OK  [0m] Started Set console font and keymap.
[[0;32m  OK  [0m] Started Create Volatile Files and Directories.
         Starting Update UTMP about System Boot/Shutdown...
[[0;32m  OK  [0m] Started Commit a transient machine-id on disk.
[[0;32m  OK  [0m] Started Update UTMP about System Boot/Shutdown.
[[0;32m  OK  [0m] Started ebtables ruleset management.
[[0;32m  OK  [0m] Started AppArmor initialization.
         Starting Initial cloud-init job (pre-networking)...
[    8.896563] cloud-init[701]: Cloud-init v. 19.2-36-g059d049c-0ubuntu2~18.04.1 running 'init-local' at Wed, 13 Nov 2019 19:36:40 +0000. Up 8.43 seconds.
[[0;32m  OK  [0m] Started Initial cloud-init job (pre-networking).
[[0;32m  OK  [0m] Reached target Network (Pre).
         Starting Network Service...
[[0;32m  OK  [0m] Started Network Service.
         Starting Network Name Resolution...
         Starting Wait for Network to be Configured...
[[0;32m  OK  [0m] Started Network Name Resolution.
[[0;32m  OK  [0m] Reached target Host and Network Name Lookups.
[[0;32m  OK  [0m] Reached target Network.
[[0;32m  OK  [0m] Started Wait for Network to be Configured.
         Starting Initial cloud-init job (metadata service crawler)...
[   11.646033] cloud-init[829]: Cloud-init v. 19.2-36-g059d049c-0ubuntu2~18.04.1 running 'init' at Wed, 13 Nov 2019 19:36:43 +0000. Up 11.43 seconds.
[   11.647642] cloud-init[829]: ci-info: ++++++++++++++++++++++++++++++++++++++Net device info++++++++++++++++++++++++++++++++++++++
[   11.660394] cloud-init[829]: ci-info: +--------+-------+---------------------------+---------------+--------+-------------------+
[   11.662472] cloud-init[829]: ci-info: | Device |   Up  |          Address          |      Mask     | Scope  |     Hw-Address    |
[   11.676611] cloud-init[829]: ci-info: +--------+-------+---------------------------+---------------+--------+-------------------+
[   11.688297] cloud-init[829]: ci-info: | enp0s3 |  True |         10.0.2.15         | 255.255.255.0 | global | 02:7c:06:17:a1:8b |
[   11.689235] cloud-init[829]: ci-info: | enp0s3 |  True | fe80::7c:6ff:fe17:a18b/64 |       .       |  link  | 02:7c:06:17:a1:8b |
[   11.704491] cloud-init[829]: ci-info: | enp0s8 | False |             .             |       .       |   .    | 08:00:27:6b:74:f8 |
[   11.705582] cloud-init[829]: ci-info: |   lo   |  True |         127.0.0.1         |   255.0.0.0   |  host  |         .         |
[   11.706647] cloud-init[829]: ci-info: |   lo   |  True |          ::1/128          |       .       |  host  |         .         |
[   11.716143] cloud-init[829]: ci-info: +--------+-------+---------------------------+---------------+--------+-------------------+
[   11.728410] cloud-init[829]: ci-info: ++++++++++++++++++++++++++++Route IPv4 info+++++++++++++++++++++++++++++
[   11.729203] cloud-init[829]: ci-info: +-------+-------------+----------+-----------------+-----------+-------+
[   11.740181] cloud-init[829]: ci-info: | Route | Destination | Gateway  |     Genmask     | Interface | Flags |
[   11.752244] cloud-init[829]: ci-info: +-------+-------------+----------+-----------------+-----------+-------+
[   11.764446] cloud-init[829]: ci-info: |   0   |   0.0.0.0   | 10.0.2.2 |     0.0.0.0     |   enp0s3  |   UG  |
[   11.765274] cloud-init[829]: ci-info: |   1   |   10.0.2.0  | 0.0.0.0  |  255.255.255.0  |   enp0s3  |   U   |
[   11.780062] cloud-init[829]: ci-info: |   2   |   10.0.2.2  | 0.0.0.0  | 255.255.255.255 |   enp0s3  |   UH  |
[   11.781026] cloud-init[829]: ci-info: +-------+-------------+----------+-----------------+-----------+-------+
[   11.792280] cloud-init[829]: ci-info: +++++++++++++++++++Route IPv6 info+++++++++++++++++++
[   11.804286] cloud-init[829]: ci-info: +-------+-------------+---------+-----------+-------+
[   11.816373] cloud-init[829]: ci-info: | Route | Destination | Gateway | Interface | Flags |
[   11.817597] cloud-init[829]: ci-info: +-------+-------------+---------+-----------+-------+
[   11.818823] cloud-init[829]: ci-info: |   1   |  fe80::/64  |    ::   |   enp0s3  |   U   |
[   11.819963] cloud-init[829]: ci-info: |   3   |    local    |    ::   |   enp0s3  |   U   |
[   11.821283] cloud-init[829]: ci-info: |   4   |   ff00::/8  |    ::   |   enp0s3  |   U   |
[   11.822522] cloud-init[829]: ci-info: +-------+-------------+---------+-----------+-------+
[   12.560952] cloud-init[829]: Generating public/private rsa key pair.
[   12.562361] cloud-init[829]: Your identification has been saved in /etc/ssh/ssh_host_rsa_key.
[   12.572618] cloud-init[829]: Your public key has been saved in /etc/ssh/ssh_host_rsa_key.pub.
[   12.573931] cloud-init[829]: The key fingerprint is:
[   12.612683] cloud-init[829]: SHA256:uWrnRzz0A8VMPPGSvZtOa6yN0J4rWaPmwGClPmoa9W4 root@ubuntu-bionic
[   12.614759] cloud-init[829]: The key's randomart image is:
[   12.624353] cloud-init[829]: +---[RSA 2048]----+
[   12.625414] cloud-init[829]: |           =o.   |
[   12.626348] cloud-init[829]: |            *+   |
[   12.627344] cloud-init[829]: |        .  .o.o  |
[   12.628386] cloud-init[829]: |       o .o  . . |
[   12.629411] cloud-init[829]: |    . + So o  .  |
[   12.630553] cloud-init[829]: |   . + o .+.=  o |
[   12.631619] cloud-init[829]: |  .   + +..=.++  |
[   12.632685] cloud-init[829]: |   ..oEo..*o *o. |
[   12.633743] cloud-init[829]: |  .o.ooo.+..*++  |
[   12.634780] cloud-init[829]: +----[SHA256]-----+
[   12.635794] cloud-init[829]: Generating public/private dsa key pair.
[   12.637187] cloud-init[829]: Your identification has been saved in /etc/ssh/ssh_host_dsa_key.
[   12.638951] cloud-init[829]: Your public key has been saved in /etc/ssh/ssh_host_dsa_key.pub.
[   12.640702] cloud-init[829]: The key fingerprint is:
[   12.641799] cloud-init[829]: SHA256:fWWRlQlDnmIPIdcRwGLW6m2kCCunuYBH0XPrJl6So2I root@ubuntu-bionic
[   12.648321] cloud-init[829]: The key's randomart image is:
[   12.649662] cloud-init[829]: +---[DSA 1024]----+
[   12.650760] cloud-init[829]: |         .o++*=o+|
[   12.663427] cloud-init[829]: |   .     +ooo.++ |
[   12.664537] cloud-init[829]: |  . o . o o+ oo  |
[   12.665668] cloud-init[829]: |   . + . o..+o   |
[   12.666707] cloud-init[829]: |  .   + S = ..   |
[   12.667995] cloud-init[829]: |.. . = . o +     |
[   12.669176] cloud-init[829]: |... X +   .      |
[   12.670050] cloud-init[829]: |.E.= *           |
[   12.671369] cloud-init[829]: |....o            |
[   12.672499] cloud-init[829]: +----[SHA256]-----+
[   12.675080] cloud-init[829]: Generating public/private ecdsa key pair.
[   12.677339] cloud-init[829]: Your identification has been saved in /etc/ssh/ssh_host_ecdsa_key.
[   12.679181] cloud-init[829]: Your public key has been saved in /etc/ssh/ssh_host_ecdsa_key.pub.
[   12.688793] cloud-init[829]: The key fingerprint is:
[   12.689839] cloud-init[829]: SHA256:PcwCl0c0zrp8VLHkzhB6ohASqP78Icj2IE68GzxDv08 root@ubuntu-bionic
[   12.700528] cloud-init[829]: The key's randomart image is:
[   12.717056] cloud-init[829]: +---[ECDSA 256]---+
[   12.726235] cloud-init[829]: | .o..    .= o    |
[   12.727572] cloud-init[829]: |.  . .   * = o   |
[   12.732280] cloud-init[829]: |.   . . = * +    |
[   12.734702] cloud-init[829]: |.    . + O =     |
[   12.736641] cloud-init[829]: |..    . S * o    |
[   12.752372] cloud-init[829]: |=.o    . + .     |
[[   12.764395] cloud-init[829]: |.%oo E  o .      |
[   12.764568] cloud-init[829]: |= Bo+ .  .       |
[   12.765299] cloud-init[829]: | +.ooo           |
[0;32m  OK  [0m] Started Initial cloud-init job (metadata service crawler).[   12.765396] 
cloud-init[829]: +----[SHA256]-----+
[   12.765687] cloud-init[829]: Generating public/private ed25519 key pair.
[   12.765963] cloud-init[829]: Your identification has been saved in /etc/ssh/ssh_host_ed25519_key.
[   12.766238] cloud-init[829]: Your public key has been saved in /etc/ssh/ssh_host_ed25519_key.pub.
[   12.774599] cloud-init[829]: The key fingerprint is:
[[   12.784961] cloud-init[829]: SHA256:pSm0B29cNvo6q/rE4KyFo89llmRKuYydH95Szww6Ld8 root@ubuntu-bionic
[   12.785417] cloud-init[829]: The key's randomart image is:
[   12.786108] cloud-init[829]: +--[ED25519 256]--+
[0;32m  OK  [0m[   12.787073] ] cloud-initReached target Network is Online.[829]: 
|                 |
[   12.788399] cloud-init[829]: |                 |
[[0;32m  OK  [0m] Reached target Remote File Systems (Pre).
[[   12.789086] cloud-init[829]: |      o   =      |
[   12.789781] cloud-init[829]: |   . . = B .     |
[   12.790850] cloud-init[829]: |  o + o S        |
[   12.791702] cloud-init[829]: | = X +o+ .       |
[   12.792134] cloud-init[829]: |. O X+o=  .      |
[   12.792774] cloud-init[829]: | o X=+..=.       |
[   12.793443] cloud-init[829]: |..+ +B=.Eo       |
[   12.794000] cloud-init[829]: +----[SHA256]-----+
[0;32m  OK  [0m] Reached target Remote File Systems.
         Starting Availability of block devices...
[[0;32m  OK  [0m] Reached target Cloud-config availability.
[[0;32m  OK  [0m] Reached target System Initialization.
[[0;32m  OK  [0m] Listening on Open-iSCSI iscsid Socket.
         Starting Socket activation for snappy daemon.
[[0;32m  OK  [0m] Listening on UUID daemon activation socket.
[[0;32m  OK  [0m] Started Message of the Day.
         Starting LXD - unix socket.
[[0;32m  OK  [0m] Started Daily Cleanup of Temporary Directories.
[[0;32m  OK  [0m] Listening on D-Bus System Message Bus Socket.
[[0;32m  OK  [0m] Started ACPI Events Check.
[[0;32m  OK  [0m] Reached target Paths.
[[0;32m  OK  [0m] Started Daily apt download activities.
[[0;32m  OK  [0m] Started Daily apt upgrade and clean activities.
[[0;32m  OK  [0m] Listening on ACPID Listen Socket.
[[0;32m  OK  [0m] Started Discard unused blocks once a week.
[[0;32m  OK  [0m] Reached target Timers.
[[0;32m  OK  [0m] Started Availability of block devices.
[[0;32m  OK  [0m] Listening on Socket activation for snappy daemon.
[[0;32m  OK  [0m] Listening on LXD - unix socket.
[[0;32m  OK  [0m] Reached target Sockets.
[[0;32m  OK  [0m] Reached target Basic System.
         Starting LXD - container startup/shutdown...
         Starting Accounts Service...
[[0;32m  OK  [0m] Started Regular background program processing daemon.
         Starting Pollinate to seed the pseudo random number generator...
         Starting Dispatcher daemon for systemd-networkd...
[[0;32m  OK  [0m] Started irqbalance daemon.
         Starting LSB: automatic crash report generation...
[[0;32m  OK  [0m] Started FUSE filesystem for LXC.
         Starting Virtualbox guest utils...
[[0;32m  OK  [0m] Started D-Bus System Message Bus.
         Starting System Logging Service...
         Starting Login Service...
         Starting LSB: Record successful boot for GRUB...
[[0;32m  OK  [0m] Started Deferred execution scheduler.
         Starting Permit User Sessions...
         Starting Snappy daemon...
[[0;32m  OK  [0m] Started System Logging Service.
[[0;32m  OK  [0m] Started LXD - container startup/shutdown.
[[0;32m  OK  [0m] Started Permit User Sessions.
         Starting Terminate Plymouth Boot Screen...
         Starting Hold until boot process finishes up...
[[0;32m  OK  [0m] Started Terminate Plymouth Boot Screen.
[[0;32m  OK  [0m] Started Hold until boot process finishes up.
[[0;32m  OK  [0m] Started Serial Getty on ttyS0.
         Starting Set console scheme...
         Starting Authorization Manager...
[[0;32m  OK  [0m] Started Login Service.
[[0;32m  OK  [0m] Started Unattended Upgrades Shutdown.
[[0;32m  OK  [0m] Started LSB: automatic crash report generation.
[[0;32m  OK  [0m] Started Set console scheme.
[[0;32m  OK  [0m] Created slice system-getty.slice.
[[0;32m  OK  [0m] Started Getty on tty1.
[[0;32m  OK  [0m] Reached target Login Prompts.
[[0;32m  OK  [0m] Started Authorization Manager.
[[0;32m  OK  [0m] Started Accounts Service.
[[0;32m  OK  [0m] Started LSB: Record successful boot for GRUB.
[[0;32m  OK  [0m] Started Virtualbox guest utils.
[[0;32m  OK  [0m] Started Dispatcher daemon for systemd-networkd.
[[0;32m  OK  [0m] Started Snappy daemon.
         Starting Wait until snapd is fully seeded...
[[0;32m  OK  [0m] Started Wait until snapd is fully seeded.
         Starting Apply the settings specified in cloud-config...
[   17.345602] cloud-init[1284]: Cloud-init v. 19.2-36-g059d049c-0ubuntu2~18.04.1 running 'modules:config' at Wed, 13 Nov 2019 19:36:48 +0000. Up 16.65 seconds.
[[0;32m  OK  [0m] Started Apply the settings specified in cloud-config.

Ubuntu 18.04.3 LTS ubuntu-bionic ttyS0

ubuntu-bionic login: ci-info: no authorized ssh keys fingerprints found for user ubuntu.
<14>Nov 13 19:36:52 ec2: 
<14>Nov 13 19:36:52 ec2: #############################################################
<14>Nov 13 19:36:52 ec2: -----BEGIN SSH HOST KEY FINGERPRINTS-----
<14>Nov 13 19:36:52 ec2: 1024 SHA256:fWWRlQlDnmIPIdcRwGLW6m2kCCunuYBH0XPrJl6So2I root@ubuntu-bionic (DSA)
<14>Nov 13 19:36:52 ec2: 256 SHA256:PcwCl0c0zrp8VLHkzhB6ohASqP78Icj2IE68GzxDv08 root@ubuntu-bionic (ECDSA)
<14>Nov 13 19:36:52 ec2: 256 SHA256:pSm0B29cNvo6q/rE4KyFo89llmRKuYydH95Szww6Ld8 root@ubuntu-bionic (ED25519)
<14>Nov 13 19:36:52 ec2: 2048 SHA256:uWrnRzz0A8VMPPGSvZtOa6yN0J4rWaPmwGClPmoa9W4 root@ubuntu-bionic (RSA)
<14>Nov 13 19:36:52 ec2: -----END SSH HOST KEY FINGERPRINTS-----
<14>Nov 13 19:36:52 ec2: #############################################################
-----BEGIN SSH HOST KEY KEYS-----
ecdsa-sha2-nistp256 AAAAE2VjZHNhLXNoYTItbmlzdHAyNTYAAAAIbmlzdHAyNTYAAABBBM8vr7YfNR55TrUE0d2vvNXliaNPrzsTg4G38r/2xNnUyTpK/ZnX6gs5/R2o4UYzurItBEy/m4fLDBZ3Qwq9I5k= root@ubuntu-bionic
ssh-ed25519 AAAAC3NzaC1lZDI1NTE5AAAAIO0kqb0vXFvfuw+58QbrCM/VEvp9zNFUi/ke2XYvKbtv root@ubuntu-bionic
ssh-rsa AAAAB3NzaC1yc2EAAAADAQABAAABAQCdzJQ0j+cKoX6EfZHh6pJ6UekQDkektEn8Sjl3x5TalJCKz5kwB2Tgi2ryTyZHgap4P7yMhaLdFIGV8BNSKSumRlIq5ZwVO7PGiN4jGG88WbR8V9yW+uw6b2No3NVDrgW87ooSrpWkYt+3LdxMeSc673aOm+qxnT8qrf5My4WPNR4N1K5n9acu+XwIBXezEzYHx4I6YE9mFZJBhy+Rp5AyXhPyVMC+BO0HOaS5Lx4KGRnMZTFQzez/Nx1crNihdunzgSqQbXnYusQyF6Wc/9vvkm6rUk56AgxlFCtJAEzm24Lxc6KmUtTvi2GLDUVP3ltaMLE72CG0kW7mLV5lIMup root@ubuntu-bionic
-----END SSH HOST KEY KEYS-----
[   20.620093] cloud-init[1386]: Cloud-init v. 19.2-36-g059d049c-0ubuntu2~18.04.1 running 'modules:final' at Wed, 13 Nov 2019 19:36:52 +0000. Up 20.36 seconds.
[   20.620722] cloud-init[1386]: ci-info: no authorized ssh keys fingerprints found for user ubuntu.
[   20.621078] cloud-init[1386]: Cloud-init v. 19.2-36-g059d049c-0ubuntu2~18.04.1 finished at Wed, 13 Nov 2019 19:36:52 +0000. Datasource DataSourceNoCloud [seed=/dev/sdb][dsmode=net].  Up 20.61 seconds
